<?xml version="1.0" encoding="UTF-8"?>
<!-- Generated by org.testng.reporters.JUnitReportReporter -->
<testsuite hostname="LAPTOP-M13IRKBK" failures="0" tests="1" name="tests.PutAPITest" time="2.768" errors="0" timestamp="2024-11-09T17:13:09 IST" skipped="0">
  <testcase classname="tests.PutAPITest" name="testPutRequest" time="2.768"/>
</testsuite> <!-- tests.PutAPITest -->
